  BankOOP.cpp
C:\Users\Moham\Desktop\c++\course11\BankOOP\Bank_OOP\BankOOP\clsString.h(43,25): warning C4267: 'return': conversion from 'size_t' to 'short', possible loss of data
  (compiling source file 'BankOOP.cpp')
  
C:\Users\Moham\Desktop\c++\course11\BankOOP\Bank_OOP\BankOOP\clsString.h(48,29): warning C4267: 'return': conversion from 'size_t' to 'short', possible loss of data
  (compiling source file 'BankOOP.cpp')
  
C:\Users\Moham\Desktop\c++\course11\BankOOP\Bank_OOP\BankOOP\clsString.h(60,30): warning C4267: '=': conversion from 'size_t' to 'short', possible loss of data
  (compiling source file 'BankOOP.cpp')
  
C:\Users\Moham\Desktop\c++\course11\BankOOP\Bank_OOP\BankOOP\clsString.h(197,29): warning C4267: 'return': conversion from 'size_t' to 'short', possible loss of data
  (compiling source file 'BankOOP.cpp')
  
C:\Users\Moham\Desktop\c++\course11\BankOOP\Bank_OOP\BankOOP\clsString.h(328,30): warning C4267: '=': conversion from 'size_t' to 'short', possible loss of data
  (compiling source file 'BankOOP.cpp')
  
C:\Users\Moham\Desktop\c++\course11\BankOOP\Bank_OOP\BankOOP\clsString.h(376,22): warning C4267: 'initializing': conversion from 'size_t' to 'short', possible loss of data
  (compiling source file 'BankOOP.cpp')
  
C:\Users\Moham\Desktop\c++\course11\BankOOP\Bank_OOP\BankOOP\clsInputValidate.h(101,16): warning C4244: 'initializing': conversion from 'double' to 'float', possible loss of data
  (compiling source file 'BankOOP.cpp')
  
C:\Users\Moham\Desktop\c++\course11\BankOOP\Bank_OOP\BankOOP\clsInputValidate.h(105,26): warning C4244: '=': conversion from 'double' to 'float', possible loss of data
  (compiling source file 'BankOOP.cpp')
  
C:\Users\Moham\Desktop\c++\course11\BankOOP\Bank_OOP\BankOOP\clsBankClient.h(31,65): warning C4244: 'argument': conversion from 'double' to 'float', possible loss of data
  (compiling source file 'BankOOP.cpp')
  
C:\Users\Moham\Desktop\c++\course11\BankOOP\Bank_OOP\BankOOP\clsBankClient.h(391,28): warning C4244: '+=': conversion from 'double' to 'float', possible loss of data
  (compiling source file 'BankOOP.cpp')
  
C:\Users\Moham\Desktop\c++\course11\BankOOP\Bank_OOP\BankOOP\clsBankClient.h(399,28): warning C4244: '-=': conversion from 'double' to 'float', possible loss of data
  (compiling source file 'BankOOP.cpp')
  
C:\Users\Moham\Desktop\c++\course11\BankOOP\Bank_OOP\BankOOP\clsUtil.h(64,5): warning C4102: 'defualt': unreferenced label
  (compiling source file 'BankOOP.cpp')
  
C:\Users\Moham\Desktop\c++\course11\BankOOP\Bank_OOP\BankOOP\clsAddNewClientScreen.h(28,66): warning C4244: 'argument': conversion from 'double' to 'float', possible loss of data
  (compiling source file 'BankOOP.cpp')
  
C:\Users\Moham\Desktop\c++\course11\BankOOP\Bank_OOP\BankOOP\clsUpdateClientScreen.h(39,66): warning C4244: 'argument': conversion from 'double' to 'float', possible loss of data
  (compiling source file 'BankOOP.cpp')
  
C:\Users\Moham\Desktop\c++\course11\BankOOP\Bank_OOP\BankOOP\clsDpositScreen.h(34,27): warning C4129: 'D': unrecognized character escape sequence
  (compiling source file 'BankOOP.cpp')
  
C:\Users\Moham\Desktop\c++\course11\BankOOP\Bank_OOP\BankOOP\clsTotalBalancesScreen.h(48,86): warning C4244: 'argument': conversion from 'double' to 'int', possible loss of data
  (compiling source file 'BankOOP.cpp')
  
C:\Users\Moham\Desktop\c++\course11\BankOOP\Bank_OOP\BankOOP\clsBankClient.h(332,1): warning C4715: 'clsBankClient::Save': not all control paths return a value
C:\Users\Moham\Desktop\c++\course11\BankOOP\Bank_OOP\BankOOP\clsUser.h(304,1): warning C4715: 'clsUser::Save': not all control paths return a value
  BankOOP.vcxproj -> C:\Users\Moham\Desktop\c++\course11\BankOOP\Bank_OOP\x64\Debug\BankOOP.exe
